<?xml version="1.0" encoding="UTF-8" ?>
<testsuite tests="8" failures="0" name="Sprint3.Sprint3Test" time="0.034" errors="0" skipped="0">
  <properties>
[...]
</properties>
  <testcase classname="Sprint3.Sprint3Test" name="testUS01" time="0.007"/>
  <testcase classname="Sprint3.Sprint3Test" name="testUS02" time="0.004"/>
  <testcase classname="Sprint3.Sprint3Test" name="testUS05" time="0.004"/>
  <testcase classname="Sprint3.Sprint3Test" name="testUS06" time="0.003"/>
  <testcase classname="Sprint3.Sprint3Test" name="testUS28" time="0.006"/>
  <testcase classname="Sprint3.Sprint3Test" name="testUS29" time="0.003"/>
  <testcase classname="Sprint3.Sprint3Test" name="testUS30" time="0.004"/>
  <testcase classname="Sprint3.Sprint3Test" name="testUS38" time="0.003"/>
</testsuite>